
> Configure project :app
WARNING: The option setting 'android.defaults.buildfeatures.buildconfig=true' is deprecated.
The current default is 'false'.
It will be removed in version 9.0 of the Android Gradle plugin.
You can resolve this warning in Android Studio via `Refactor` > `Migrate BuildConfig to Gradle Build Files`

> Configure project :runtime
⚠️  Wasmtime library not found - native build disabled
   WASM execution will not be available at runtime
   Run ./scripts/build-wasmtime.sh to enable WASM support

> Task :app:preBuild UP-TO-DATE
> Task :app:preDebugBuild UP-TO-DATE
> Task :app:mergeDebugNativeDebugMetadata NO-SOURCE
> Task :app:checkKotlinGradlePluginConfigurationErrors
> Task :app:generateDebugBuildConfig UP-TO-DATE
> Task :app:generateDebugResValues UP-TO-DATE
> Task :app:generateDebugResources UP-TO-DATE
> Task :ui:preBuild UP-TO-DATE
> Task :data:preBuild UP-TO-DATE
> Task :domain:checkKotlinGradlePluginConfigurationErrors
> Task :data:preDebugBuild UP-TO-DATE
> Task :core:checkKotlinGradlePluginConfigurationErrors
> Task :data:writeDebugAarMetadata UP-TO-DATE
> Task :app:packageDebugResources UP-TO-DATE
> Task :data:generateDebugResValues UP-TO-DATE
> Task :runtime:preBuild UP-TO-DATE
> Task :runtime:preDebugBuild UP-TO-DATE
> Task :runtime:writeDebugAarMetadata UP-TO-DATE
> Task :runtime:generateDebugResValues UP-TO-DATE
> Task :runtime:generateDebugResources UP-TO-DATE
> Task :domain:processResources NO-SOURCE
> Task :app:parseDebugLocalResources UP-TO-DATE
> Task :ui:preDebugBuild UP-TO-DATE
> Task :app:createDebugCompatibleScreenManifests UP-TO-DATE
> Task :app:extractDeepLinksDebug UP-TO-DATE
> Task :ui:writeDebugAarMetadata UP-TO-DATE
> Task :data:generateDebugResources UP-TO-DATE
> Task :ui:generateDebugResValues UP-TO-DATE
> Task :ui:generateDebugResources UP-TO-DATE
> Task :ui:packageDebugResources UP-TO-DATE
> Task :ui:extractDeepLinksDebug UP-TO-DATE
> Task :ui:processDebugManifest UP-TO-DATE
> Task :data:packageDebugResources UP-TO-DATE
> Task :ui:compileDebugLibraryResources UP-TO-DATE
> Task :data:extractDeepLinksDebug UP-TO-DATE
> Task :data:processDebugManifest UP-TO-DATE
> Task :data:compileDebugLibraryResources UP-TO-DATE
> Task :runtime:packageDebugResources UP-TO-DATE
> Task :data:parseDebugLocalResources UP-TO-DATE
> Task :ui:parseDebugLocalResources UP-TO-DATE
> Task :data:generateDebugRFile UP-TO-DATE
> Task :data:checkKotlinGradlePluginConfigurationErrors
> Task :data:generateDebugBuildConfig UP-TO-DATE
> Task :ui:generateDebugRFile UP-TO-DATE
> Task :ui:checkKotlinGradlePluginConfigurationErrors
> Task :runtime:extractDeepLinksDebug UP-TO-DATE
> Task :ui:generateDebugBuildConfig UP-TO-DATE
> Task :runtime:processDebugManifest UP-TO-DATE
> Task :runtime:compileDebugLibraryResources UP-TO-DATE
> Task :runtime:parseDebugLocalResources UP-TO-DATE
> Task :runtime:generateDebugRFile UP-TO-DATE
> Task :runtime:checkKotlinGradlePluginConfigurationErrors
> Task :runtime:generateDebugBuildConfig UP-TO-DATE
> Task :ui:javaPreCompileDebug UP-TO-DATE
> Task :ui:mergeDebugShaders UP-TO-DATE
> Task :ui:compileDebugShaders NO-SOURCE
> Task :ui:generateDebugAssets UP-TO-DATE
> Task :ui:packageDebugAssets UP-TO-DATE
> Task :ui:mergeDebugJniLibFolders UP-TO-DATE
> Task :ui:mergeDebugNativeLibs NO-SOURCE
> Task :ui:copyDebugJniLibsProjectOnly UP-TO-DATE
> Task :runtime:javaPreCompileDebug UP-TO-DATE
> Task :runtime:mergeDebugShaders UP-TO-DATE
> Task :runtime:compileDebugShaders NO-SOURCE
> Task :runtime:generateDebugAssets UP-TO-DATE
> Task :data:javaPreCompileDebug UP-TO-DATE
> Task :data:mergeDebugShaders UP-TO-DATE
> Task :data:compileDebugShaders NO-SOURCE
> Task :data:generateDebugAssets UP-TO-DATE
> Task :data:packageDebugAssets UP-TO-DATE
> Task :runtime:packageDebugAssets UP-TO-DATE
> Task :data:mergeDebugJniLibFolders UP-TO-DATE
> Task :data:mergeDebugNativeLibs NO-SOURCE
> Task :runtime:mergeDebugJniLibFolders UP-TO-DATE
> Task :data:copyDebugJniLibsProjectOnly UP-TO-DATE
> Task :runtime:mergeDebugNativeLibs NO-SOURCE
> Task :core:compileKotlin UP-TO-DATE
> Task :runtime:copyDebugJniLibsProjectOnly UP-TO-DATE
> Task :core:compileJava NO-SOURCE
> Task :core:processResources NO-SOURCE
> Task :core:classes UP-TO-DATE
> Task :core:jar UP-TO-DATE
> Task :domain:compileKotlin UP-TO-DATE
> Task :domain:compileJava NO-SOURCE
> Task :domain:classes UP-TO-DATE
> Task :domain:jar UP-TO-DATE
> Task :app:checkDebugAarMetadata UP-TO-DATE
> Task :app:mapDebugSourceSetPaths UP-TO-DATE
> Task :app:mergeDebugResources UP-TO-DATE
> Task :app:processDebugMainManifest UP-TO-DATE
> Task :app:processDebugManifest UP-TO-DATE
> Task :app:processDebugManifestForPackage UP-TO-DATE
> Task :runtime:kaptGenerateStubsDebugKotlin UP-TO-DATE
> Task :runtime:kaptDebugKotlin UP-TO-DATE
> Task :runtime:compileDebugKotlin UP-TO-DATE
AAPT2 aapt2-8.2.0-10154469-linux Daemon #0: Unexpected error output: error: "/data/data/com.termux/files/home/.gradle/caches/transforms-3/ec82526e211fe8a63a78c97b058f3265/transformed/aapt2-8.2.0-10154469-linux/aapt2" is for EM_X86_64 (62) instead of EM_AARCH64 (183)
> Task :app:processDebugResources FAILED
> Task :runtime:compileDebugJavaWithJavac FAILED

FAILURE: Build completed with 2 failures.

1: Task failed with an exception.
-----------
* What went wrong:
Execution failed for task ':app:processDebugResources'.
> Could not resolve all files for configuration ':app:debugRuntimeClasspath'.
   > Failed to transform core-1.12.0.aar (androidx.core:core:1.12.0) to match attributes {artifactType=android-compiled-dependencies-resources, org.gradle.category=library, org.gradle.dependency.bundling=external, org.gradle.libraryelements=aar, org.gradle.status=release, org.gradle.usage=java-runtime}.
      > Execution failed for AarResourcesCompilerTransform: /data/data/com.termux/files/home/.gradle/caches/transforms-3/ddb6d5cc47c8e6b7b150fc4f9733e3c1/transformed/core-1.12.0.
         > AAPT2 aapt2-8.2.0-10154469-linux Daemon #0: Daemon startup failed
           This should not happen under normal circumstances, please file an issue if it does.
   > Failed to transform core-1.12.0.aar (androidx.core:core:1.12.0) to match attributes {artifactType=android-compiled-dependencies-resources, org.gradle.status=release}.
      > Execution failed for AarResourcesCompilerTransform: /data/data/com.termux/files/home/.gradle/caches/transforms-3/ddb6d5cc47c8e6b7b150fc4f9733e3c1/transformed/core-1.12.0.
         > AAPT2 aapt2-8.2.0-10154469-linux Daemon #0: Daemon startup failed
           This should not happen under normal circumstances, please file an issue if it does.
   > Failed to transform core-1.12.0.aar (androidx.core:core:1.12.0) to match attributes {artifactType=android-compiled-dependencies-resources, org.gradle.status=release}.
      > Execution failed for AarResourcesCompilerTransform: /data/data/com.termux/files/home/.gradle/caches/transforms-3/ddb6d5cc47c8e6b7b150fc4f9733e3c1/transformed/core-1.12.0.
         > AAPT2 aapt2-8.2.0-10154469-linux Daemon #0: Daemon startup failed
           This should not happen under normal circumstances, please file an issue if it does.
   > Failed to transform core-1.12.0.aar (androidx.core:core:1.12.0) to match attributes {artifactType=android-compiled-dependencies-resources, org.gradle.status=release}.
      > Execution failed for AarResourcesCompilerTransform: /data/data/com.termux/files/home/.gradle/caches/transforms-3/ddb6d5cc47c8e6b7b150fc4f9733e3c1/transformed/core-1.12.0.
         > AAPT2 aapt2-8.2.0-10154469-linux Daemon #0: Daemon startup failed
           This should not happen under normal circumstances, please file an issue if it does.
   > Failed to transform core-1.12.0.aar (androidx.core:core:1.12.0) to match attributes {artifactType=android-compiled-dependencies-resources, org.gradle.status=release}.
      > Execution failed for AarResourcesCompilerTransform: /data/data/com.termux/files/home/.gradle/caches/transforms-3/ddb6d5cc47c8e6b7b150fc4f9733e3c1/transformed/core-1.12.0.
         > AAPT2 aapt2-8.2.0-10154469-linux Daemon #0: Daemon startup failed
           This should not happen under normal circumstances, please file an issue if it does.

* Try:
> Run with --stacktrace option to get the stack trace.
> Run with --info or --debug option to get more log output.
> Run with --scan to get full insights.
> Get more help at https://help.gradle.org.
==============================================================================

2: Task failed with an exception.
-----------
* What went wrong:
Execution failed for task ':runtime:compileDebugJavaWithJavac'.
> Could not resolve all files for configuration ':runtime:androidJdkImage'.
   > Failed to transform core-for-system-modules.jar to match attributes {artifactType=_internal_android_jdk_image, org.gradle.libraryelements=jar, org.gradle.usage=java-runtime}.
      > Execution failed for JdkImageTransform: /data/data/com.termux/files/home/android-sdk/platforms/android-34/core-for-system-modules.jar.
         > Error while executing process /data/data/com.termux/files/usr/lib/jvm/java-21-openjdk/bin/jlink with arguments {--module-path /data/data/com.termux/files/home/.gradle/caches/transforms-3/87e7142f251ffbd28bae533cfa56768b/transformed/output/temp/jmod --add-modules java.base --output /data/data/com.termux/files/home/.gradle/caches/transforms-3/87e7142f251ffbd28bae533cfa56768b/transformed/output/jdkImage --disable-plugin system-modules}

* Try:
> Run with --stacktrace option to get the stack trace.
> Run with --info or --debug option to get more log output.
> Run with --scan to get full insights.
> Get more help at https://help.gradle.org.
==============================================================================

BUILD FAILED in 3s
69 actionable tasks: 8 executed, 61 up-to-date
